<?xml version="1.0" encoding="UTF-8"?>
<!-- Generated by org.testng.reporters.JUnitXMLReporter -->
<testsuite hostname="DESKTOP-MFEMF1B" name="weather Check for City in edge" tests="6" failures="0" timestamp="6 Jun 2020 08:19:33 GMT" time="0.582" errors="0">
  <testcase name="@BeforeMethod initiateBrowser" time="0.0" classname="com.qa.parallelTest.CityDegreeCheck.ParallelTest">
    <failure type="org.openqa.selenium.WebDriverException" message="unknown error: cannot find MSEdge binary
Build info: version: &amp;apos;3.13.0&amp;apos;, revision: &amp;apos;2f0d292&amp;apos;, time: &amp;apos;2018-06-25T15:24:21.231Z&amp;apos;
System info: host: &amp;apos;DESKTOP-MFEMF1B&amp;apos;, ip: &amp;apos;192.168.0.108&amp;apos;, os.name: &amp;apos;Windows 10&amp;apos;, os.arch: &amp;apos;x86&amp;apos;, os.version: &amp;apos;10.0&amp;apos;, java.version: &amp;apos;1.8.0_241&amp;apos;
Driver info: driver.version: EdgeDriver
remote stacktrace: Backtrace:
	Ordinal0 [0x00007FF6739B23A2+4072354]
	Ordinal0 [0x00007FF6738877A9+2848681]
	Ordinal0 [0x00007FF6736FE448+1238088]
	Ordinal0 [0x00007FF67364EFD0+520144]
	Ordinal0 [0x00007FF67364C159+508249]
	Ordinal0 [0x00007FF67367EA87+715399]
	Ordinal0 [0x00007FF67367BF2F+704303]
	Ordinal0 [0x00007FF673657F70+556912]
	Ordinal0 [0x00007FF673658D0E+560398]
	Ordinal0 [0x00007FF6738A53F5+2970613]
	GetHandleVerifier [0x00007FF673AF8683+1193059]
	GetHandleVerifier [0x00007FF673B0D1C1+1277857]
	GetHandleVerifier [0x00007FF673AF9278+1196120]
	Ordinal0 [0x00007FF673898B5A+2919258]
	Ordinal0 [0x00007FF6738A7209+2978313]
	Ordinal0 [0x00007FF6738C6398+3105688]
	BaseThreadInitThunk [0x00007FFBD9277BD4+20]
	RtlUserThreadStart [0x00007FFBDA3CCE51+33]
">
      <![CDATA[org.openqa.selenium.WebDriverException: unknown error: cannot find MSEdge binary
Build info: version: '3.13.0', revision: '2f0d292', time: '2018-06-25T15:24:21.231Z'
System info: host: 'DESKTOP-MFEMF1B', ip: '192.168.0.108', os.name: 'Windows 10', os.arch: 'x86', os.version: '10.0', java.version: '1.8.0_241'
Driver info: driver.version: EdgeDriver
remote stacktrace: Backtrace:
	Ordinal0 [0x00007FF6739B23A2+4072354]
	Ordinal0 [0x00007FF6738877A9+2848681]
	Ordinal0 [0x00007FF6736FE448+1238088]
	Ordinal0 [0x00007FF67364EFD0+520144]
	Ordinal0 [0x00007FF67364C159+508249]
	Ordinal0 [0x00007FF67367EA87+715399]
	Ordinal0 [0x00007FF67367BF2F+704303]
	Ordinal0 [0x00007FF673657F70+556912]
	Ordinal0 [0x00007FF673658D0E+560398]
	Ordinal0 [0x00007FF6738A53F5+2970613]
	GetHandleVerifier [0x00007FF673AF8683+1193059]
	GetHandleVerifier [0x00007FF673B0D1C1+1277857]
	GetHandleVerifier [0x00007FF673AF9278+1196120]
	Ordinal0 [0x00007FF673898B5A+2919258]
	Ordinal0 [0x00007FF6738A7209+2978313]
	Ordinal0 [0x00007FF6738C6398+3105688]
	BaseThreadInitThunk [0x00007FFBD9277BD4+20]
	RtlUserThreadStart [0x00007FFBDA3CCE51+33]

	at org.openqa.selenium.remote.W3CHandshakeResponse.lambda$new$0(W3CHandshakeResponse.java:57)
	at org.openqa.selenium.remote.W3CHandshakeResponse.lambda$getResponseFunction$2(W3CHandshakeResponse.java:104)
	at org.openqa.selenium.remote.ProtocolHandshake.lambda$createSession$0(ProtocolHandshake.java:123)
	at java.util.stream.ReferencePipeline$3$1.accept(Unknown Source)
	at java.util.Spliterators$ArraySpliterator.tryAdvance(Unknown Source)
	at java.util.stream.ReferencePipeline.forEachWithCancel(Unknown Source)
	at java.util.stream.AbstractPipeline.copyIntoWithCancel(Unknown Source)
	at java.util.stream.AbstractPipeline.copyInto(Unknown Source)
	at java.util.stream.AbstractPipeline.wrapAndCopyInto(Unknown Source)
	at java.util.stream.FindOps$FindOp.evaluateSequential(Unknown Source)
	at java.util.stream.AbstractPipeline.evaluate(Unknown Source)
	at java.util.stream.ReferencePipeline.findFirst(Unknown Source)
	at org.openqa.selenium.remote.ProtocolHandshake.createSession(ProtocolHandshake.java:126)
	at org.openqa.selenium.remote.ProtocolHandshake.createSession(ProtocolHandshake.java:73)
	at org.openqa.selenium.remote.HttpCommandExecutor.execute(HttpCommandExecutor.java:136)
	at org.openqa.selenium.remote.service.DriverCommandExecutor.execute(DriverCommandExecutor.java:83)
	at org.openqa.selenium.remote.RemoteWebDriver.execute(RemoteWebDriver.java:548)
	at org.openqa.selenium.remote.RemoteWebDriver.startSession(RemoteWebDriver.java:212)
	at org.openqa.selenium.remote.RemoteWebDriver.<init>(RemoteWebDriver.java:130)
	at org.openqa.selenium.edge.EdgeDriver.<init>(EdgeDriver.java:141)
	at org.openqa.selenium.edge.EdgeDriver.<init>(EdgeDriver.java:96)
	at com.qa.parallelTest.CityDegreeCheck.ParallelTest.initiateBrowser(ParallelTest.java:47)
	at java.util.concurrent.ThreadPoolExecutor.runWorker(Unknown Source)
	at java.util.concurrent.ThreadPoolExecutor$Worker.run(Unknown Source)
	at java.lang.Thread.run(Unknown Source)
... Removed 16 stack frames]]>
    </failure>
  </testcase> <!-- @BeforeMethod initiateBrowser -->
  <testcase name="@AfterMethod closeBrowser" time="0.0" classname="com.qa.parallelTest.CityDegreeCheck.ParallelTest">
    <skipped/>
  </testcase> <!-- @AfterMethod closeBrowser -->
  <testcase name="@BeforeMethod initiateBrowser" time="0.0" classname="com.qa.parallelTest.CityDegreeCheck.ParallelTest">
    <skipped/>
  </testcase> <!-- @BeforeMethod initiateBrowser -->
  <testcase name="@AfterMethod closeBrowser" time="0.0" classname="com.qa.parallelTest.CityDegreeCheck.ParallelTest">
    <skipped/>
  </testcase> <!-- @AfterMethod closeBrowser -->
  <testcase name="@BeforeMethod initiateBrowser" time="0.0" classname="com.qa.parallelTest.CityDegreeCheck.ParallelTest">
    <skipped/>
  </testcase> <!-- @BeforeMethod initiateBrowser -->
  <testcase name="@AfterMethod closeBrowser" time="0.0" classname="com.qa.parallelTest.CityDegreeCheck.ParallelTest">
    <skipped/>
  </testcase> <!-- @AfterMethod closeBrowser -->
  <testcase name="@BeforeMethod initiateBrowser" time="0.0" classname="com.qa.parallelTest.CityDegreeCheck.ParallelTest">
    <skipped/>
  </testcase> <!-- @BeforeMethod initiateBrowser -->
  <testcase name="@AfterMethod closeBrowser" time="0.0" classname="com.qa.parallelTest.CityDegreeCheck.ParallelTest">
    <skipped/>
  </testcase> <!-- @AfterMethod closeBrowser -->
  <testcase name="@BeforeMethod initiateBrowser" time="0.0" classname="com.qa.parallelTest.CityDegreeCheck.ParallelTest">
    <skipped/>
  </testcase> <!-- @BeforeMethod initiateBrowser -->
  <testcase name="@AfterMethod closeBrowser" time="0.0" classname="com.qa.parallelTest.CityDegreeCheck.ParallelTest">
    <skipped/>
  </testcase> <!-- @AfterMethod closeBrowser -->
  <testcase name="@BeforeMethod initiateBrowser" time="0.0" classname="com.qa.parallelTest.CityDegreeCheck.ParallelTest">
    <skipped/>
  </testcase> <!-- @BeforeMethod initiateBrowser -->
  <testcase name="@AfterMethod closeBrowser" time="0.0" classname="com.qa.parallelTest.CityDegreeCheck.ParallelTest">
    <skipped/>
  </testcase> <!-- @AfterMethod closeBrowser -->
  <testcase name="verifyCityName" time="0.001" classname="com.qa.parallelTest.CityDegreeCheck.ParallelTest">
    <skipped/>
  </testcase> <!-- verifyCityName -->
  <testcase name="verifyCityName" time="0.001" classname="com.qa.parallelTest.CityDegreeCheck.ParallelTest">
    <skipped/>
  </testcase> <!-- verifyCityName -->
  <testcase name="verifyCityName" time="0.001" classname="com.qa.parallelTest.CityDegreeCheck.ParallelTest">
    <skipped/>
  </testcase> <!-- verifyCityName -->
  <testcase name="verifyCityName" time="0.0" classname="com.qa.parallelTest.CityDegreeCheck.ParallelTest">
    <skipped/>
  </testcase> <!-- verifyCityName -->
  <testcase name="verifyCityName" time="0.0" classname="com.qa.parallelTest.CityDegreeCheck.ParallelTest">
    <skipped/>
  </testcase> <!-- verifyCityName -->
  <testcase name="verifyCityName" time="0.001" classname="com.qa.parallelTest.CityDegreeCheck.ParallelTest">
    <skipped/>
  </testcase> <!-- verifyCityName -->
</testsuite> <!-- weather Check for City in edge -->
