<?xml version="1.0" encoding="UTF-8"?>
<!-- Generated by org.testng.reporters.JUnitXMLReporter -->
<testsuite hostname="DESKTOP-MFEMF1B" name="Price Range Of Product" tests="1" failures="1" timestamp="10 May 2020 07:47:25 GMT" time="16.763" errors="0">
  <testcase name="verifyProductsPriceTest" time="16.756" classname="com.qa.Flipkart.ActivitiesTest.PriceRangeOfProductTest">
    <failure type="java.lang.AssertionError" message="Price range 20,000 to 40,000&amp;apos; of items test failed expected [true] but found [false]">
      <![CDATA[java.lang.AssertionError: Price range 20,000 to 40,000' of items test failed expected [true] but found [false]
	at com.qa.Flipkart.ActivitiesTest.PriceRangeOfProductTest.verifyProductsPriceTest(PriceRangeOfProductTest.java:20)
... Removed 28 stack frames]]>
    </failure>
  </testcase> <!-- verifyProductsPriceTest -->
</testsuite> <!-- Price Range Of Product -->
