<?xml version="1.0" encoding="UTF-8"?>
<!-- Generated by org.testng.reporters.JUnitXMLReporter -->
<testsuite hostname="DESKTOP-MFEMF1B" name="Flipkart Activities Test" tests="12" failures="3" timestamp="18 May 2020 09:31:21 GMT" time="81.631" errors="0">
  <testcase name="verifyProductsNameTest" time="13.398" classname="com.qa.Flipkart.ActivitiesTest.ActivitiesTest">
    <failure type="java.lang.AssertionError" message="Verify details of product name on Flipkart home page test failed expected [true] but found [false]">
      <![CDATA[java.lang.AssertionError: Verify details of product name on Flipkart home page test failed expected [true] but found [false]
	at org.testng.Assert.fail(Assert.java:94)
	at org.testng.Assert.failNotEquals(Assert.java:496)
	at org.testng.Assert.assertTrue(Assert.java:42)
	at com.qa.Flipkart.ActivitiesTest.ActivitiesTest.verifyProductsNameTest(ActivitiesTest.java:26)
	at sun.reflect.NativeMethodAccessorImpl.invoke0(Native Method)
	at sun.reflect.NativeMethodAccessorImpl.invoke(Unknown Source)
	at sun.reflect.DelegatingMethodAccessorImpl.invoke(Unknown Source)
	at java.lang.reflect.Method.invoke(Unknown Source)
	at org.testng.internal.MethodInvocationHelper.invokeMethod(MethodInvocationHelper.java:85)
	at org.testng.internal.Invoker.invokeMethod(Invoker.java:639)
	at org.testng.internal.Invoker.invokeTestMethod(Invoker.java:816)
	at org.testng.internal.Invoker.invokeTestMethods(Invoker.java:1124)
	at org.testng.internal.TestMethodWorker.invokeTestMethods(TestMethodWorker.java:125)
	at org.testng.internal.TestMethodWorker.run(TestMethodWorker.java:108)
	at org.testng.TestRunner.privateRun(TestRunner.java:774)
	at org.testng.TestRunner.run(TestRunner.java:624)
	at org.testng.SuiteRunner.runTest(SuiteRunner.java:359)
	at org.testng.SuiteRunner.runSequentially(SuiteRunner.java:354)
	at org.testng.SuiteRunner.privateRun(SuiteRunner.java:312)
	at org.testng.SuiteRunner.run(SuiteRunner.java:261)
	at org.testng.SuiteRunnerWorker.runSuite(SuiteRunnerWorker.java:52)
	at org.testng.SuiteRunnerWorker.run(SuiteRunnerWorker.java:86)
	at org.testng.TestNG.runSuitesSequentially(TestNG.java:1215)
	at org.testng.TestNG.runSuitesLocally(TestNG.java:1140)
	at org.testng.TestNG.run(TestNG.java:1048)
	at org.testng.remote.RemoteTestNG.run(RemoteTestNG.java:112)
	at org.testng.remote.RemoteTestNG.initAndRun(RemoteTestNG.java:205)
	at org.testng.remote.RemoteTestNG.main(RemoteTestNG.java:176)
]]>
    </failure>
  </testcase> <!-- verifyProductsNameTest -->
  <testcase name="verifyAutoSuggestValueTest" time="1.197" classname="com.qa.Flipkart.ActivitiesTest.ActivitiesTest">
    <failure type="java.lang.AssertionError" message="Verify details present of Auto Suggest Value on Flipkart home page test failed expected [true] but found [false]">
      <![CDATA[java.lang.AssertionError: Verify details present of Auto Suggest Value on Flipkart home page test failed expected [true] but found [false]
	at org.testng.Assert.fail(Assert.java:94)
	at org.testng.Assert.failNotEquals(Assert.java:496)
	at org.testng.Assert.assertTrue(Assert.java:42)
	at com.qa.Flipkart.ActivitiesTest.ActivitiesTest.verifyAutoSuggestValueTest(ActivitiesTest.java:40)
	at sun.reflect.NativeMethodAccessorImpl.invoke0(Native Method)
	at sun.reflect.NativeMethodAccessorImpl.invoke(Unknown Source)
	at sun.reflect.DelegatingMethodAccessorImpl.invoke(Unknown Source)
	at java.lang.reflect.Method.invoke(Unknown Source)
	at org.testng.internal.MethodInvocationHelper.invokeMethod(MethodInvocationHelper.java:85)
	at org.testng.internal.Invoker.invokeMethod(Invoker.java:639)
	at org.testng.internal.Invoker.invokeTestMethod(Invoker.java:816)
	at org.testng.internal.Invoker.invokeTestMethods(Invoker.java:1124)
	at org.testng.internal.TestMethodWorker.invokeTestMethods(TestMethodWorker.java:125)
	at org.testng.internal.TestMethodWorker.run(TestMethodWorker.java:108)
	at org.testng.TestRunner.privateRun(TestRunner.java:774)
	at org.testng.TestRunner.run(TestRunner.java:624)
	at org.testng.SuiteRunner.runTest(SuiteRunner.java:359)
	at org.testng.SuiteRunner.runSequentially(SuiteRunner.java:354)
	at org.testng.SuiteRunner.privateRun(SuiteRunner.java:312)
	at org.testng.SuiteRunner.run(SuiteRunner.java:261)
	at org.testng.SuiteRunnerWorker.runSuite(SuiteRunnerWorker.java:52)
	at org.testng.SuiteRunnerWorker.run(SuiteRunnerWorker.java:86)
	at org.testng.TestNG.runSuitesSequentially(TestNG.java:1215)
	at org.testng.TestNG.runSuitesLocally(TestNG.java:1140)
	at org.testng.TestNG.run(TestNG.java:1048)
	at org.testng.remote.RemoteTestNG.run(RemoteTestNG.java:112)
	at org.testng.remote.RemoteTestNG.initAndRun(RemoteTestNG.java:205)
	at org.testng.remote.RemoteTestNG.main(RemoteTestNG.java:176)
]]>
    </failure>
  </testcase> <!-- verifyAutoSuggestValueTest -->
  <testcase name="verifyProductsPriceTest" time="8.448" classname="com.qa.Flipkart.ActivitiesTest.ActivitiesTest">
    <failure type="java.lang.AssertionError" message="Verify Price Range Of Product Value Value on Flipkart home page test failed expected [true] but found [false]">
      <![CDATA[java.lang.AssertionError: Verify Price Range Of Product Value Value on Flipkart home page test failed expected [true] but found [false]
	at org.testng.Assert.fail(Assert.java:94)
	at org.testng.Assert.failNotEquals(Assert.java:496)
	at org.testng.Assert.assertTrue(Assert.java:42)
	at com.qa.Flipkart.ActivitiesTest.ActivitiesTest.verifyProductsPriceTest(ActivitiesTest.java:54)
	at sun.reflect.NativeMethodAccessorImpl.invoke0(Native Method)
	at sun.reflect.NativeMethodAccessorImpl.invoke(Unknown Source)
	at sun.reflect.DelegatingMethodAccessorImpl.invoke(Unknown Source)
	at java.lang.reflect.Method.invoke(Unknown Source)
	at org.testng.internal.MethodInvocationHelper.invokeMethod(MethodInvocationHelper.java:85)
	at org.testng.internal.Invoker.invokeMethod(Invoker.java:639)
	at org.testng.internal.Invoker.invokeTestMethod(Invoker.java:816)
	at org.testng.internal.Invoker.invokeTestMethods(Invoker.java:1124)
	at org.testng.internal.TestMethodWorker.invokeTestMethods(TestMethodWorker.java:125)
	at org.testng.internal.TestMethodWorker.run(TestMethodWorker.java:108)
	at org.testng.TestRunner.privateRun(TestRunner.java:774)
	at org.testng.TestRunner.run(TestRunner.java:624)
	at org.testng.SuiteRunner.runTest(SuiteRunner.java:359)
	at org.testng.SuiteRunner.runSequentially(SuiteRunner.java:354)
	at org.testng.SuiteRunner.privateRun(SuiteRunner.java:312)
	at org.testng.SuiteRunner.run(SuiteRunner.java:261)
	at org.testng.SuiteRunnerWorker.runSuite(SuiteRunnerWorker.java:52)
	at org.testng.SuiteRunnerWorker.run(SuiteRunnerWorker.java:86)
	at org.testng.TestNG.runSuitesSequentially(TestNG.java:1215)
	at org.testng.TestNG.runSuitesLocally(TestNG.java:1140)
	at org.testng.TestNG.run(TestNG.java:1048)
	at org.testng.remote.RemoteTestNG.run(RemoteTestNG.java:112)
	at org.testng.remote.RemoteTestNG.initAndRun(RemoteTestNG.java:205)
	at org.testng.remote.RemoteTestNG.main(RemoteTestNG.java:176)
]]>
    </failure>
  </testcase> <!-- verifyProductsPriceTest -->
  <testcase name="verifyRegisterationOnHomePage" time="0.001" classname="com.qa.Flipkart.ActivitiesTest.ActivitiesTest"/>
  <testcase name="verifyContactListOnPage" time="0.001" classname="com.qa.Flipkart.ActivitiesTest.ActivitiesTest"/>
  <testcase name="verifyForgetPasswordOnPage" time="0.001" classname="com.qa.Flipkart.ActivitiesTest.ActivitiesTest"/>
  <testcase name="verifyRememberPasswordOnPage" time="0.001" classname="com.qa.Flipkart.ActivitiesTest.ActivitiesTest"/>
  <testcase name="verifyLogOutOnPage" time="0.001" classname="com.qa.Flipkart.ActivitiesTest.ActivitiesTest"/>
  <testcase name="verifyDownloadsTabOnPage" time="0.001" classname="com.qa.Flipkart.ActivitiesTest.ActivitiesTest"/>
  <testcase name="verifyComputersTabOnPage" time="0.001" classname="com.qa.Flipkart.ActivitiesTest.ActivitiesTest"/>
  <testcase name="verifyElectronicTabOnPage" time="0.001" classname="com.qa.Flipkart.ActivitiesTest.ActivitiesTest"/>
  <testcase name="verifyGiftOnPage" time="0.001" classname="com.qa.Flipkart.ActivitiesTest.ActivitiesTest">
    <skipped/>
  </testcase> <!-- verifyGiftOnPage -->
</testsuite> <!-- Flipkart Activities Test -->
