<!DOCTYPE html>

<html>
  <head>
  <title>TestNG reports</title>

    <link type="text/css" href="testng-reports.css" rel="stylesheet" />  
    <script type="text/javascript" src="jquery-1.7.1.min.js"></script>
    <script type="text/javascript" src="testng-reports.js"></script>
    <script type="text/javascript" src="https://www.google.com/jsapi"></script>
    <script type='text/javascript'>
      google.load('visualization', '1', {packages:['table']});
      google.setOnLoadCallback(drawTable);
      var suiteTableInitFunctions = new Array();
      var suiteTableData = new Array();
    </script>
    <!--
      <script type="text/javascript" src="jquery-ui/js/jquery-ui-1.8.16.custom.min.js"></script>
     -->
  </head>

  <body>
    <div class="top-banner-root">
      <span class="top-banner-title-font">Test results</span>
      <br/>
      <span class="top-banner-font-1">1 suite, 3 failed tests</span>
    </div> <!-- top-banner-root -->
    <div class="navigator-root">
      <div class="navigator-suite-header">
        <span>All suites</span>
        <a href="#" class="collapse-all-link" title="Collapse/expand all the suites">
          <img class="collapse-all-icon" src="collapseall.gif">
          </img> <!-- collapse-all-icon -->
        </a> <!-- collapse-all-link -->
      </div> <!-- navigator-suite-header -->
      <div class="suite">
        <div class="rounded-window">
          <div class="suite-header light-rounded-window-top">
            <a href="#" class="navigator-link" panel-name="suite-Flipkart_Activities_Suite">
              <span class="suite-name border-failed">Flipkart Activities Suite</span>
            </a> <!-- navigator-link -->
          </div> <!-- suite-header light-rounded-window-top -->
          <div class="navigator-suite-content">
            <div class="suite-section-title">
              <span>Info</span>
            </div> <!-- suite-section-title -->
            <div class="suite-section-content">
              <ul>
                <li>
                  <a href="#" class="navigator-link " panel-name="test-xml-Flipkart_Activities_Suite">
                    <span>C:\Users\Rahul Singh\git\FlipkartActivities\Activities_testng.xml</span>
                  </a> <!-- navigator-link  -->
                </li>
                <li>
                  <a href="#" class="navigator-link " panel-name="testlist-Flipkart_Activities_Suite">
                    <span class="test-stats">1 test</span>
                  </a> <!-- navigator-link  -->
                </li>
                <li>
                  <a href="#" class="navigator-link " panel-name="group-Flipkart_Activities_Suite">
                    <span>0 groups</span>
                  </a> <!-- navigator-link  -->
                </li>
                <li>
                  <a href="#" class="navigator-link " panel-name="times-Flipkart_Activities_Suite">
                    <span>Times</span>
                  </a> <!-- navigator-link  -->
                </li>
                <li>
                  <a href="#" class="navigator-link " panel-name="reporter-Flipkart_Activities_Suite">
                    <span>Reporter output</span>
                  </a> <!-- navigator-link  -->
                </li>
                <li>
                  <a href="#" class="navigator-link " panel-name="ignored-methods-Flipkart_Activities_Suite">
                    <span>Ignored methods</span>
                  </a> <!-- navigator-link  -->
                </li>
                <li>
                  <a href="#" class="navigator-link " panel-name="chronological-Flipkart_Activities_Suite">
                    <span>Chronological view</span>
                  </a> <!-- navigator-link  -->
                </li>
              </ul>
            </div> <!-- suite-section-content -->
            <div class="result-section">
              <div class="suite-section-title">
                <span>Results</span>
              </div> <!-- suite-section-title -->
              <div class="suite-section-content">
                <ul>
                  <li>
                    <span class="method-stats">12 methods, 3 failed,  1 skipped,  8 passed</span>
                  </li>
                  <li>
                    <span class="method-list-title failed">Failed methods</span>
                    <span class="show-or-hide-methods failed">
                      <a href="#" panel-name="suite-Flipkart_Activities_Suite" class="hide-methods failed suite-Flipkart_Activities_Suite"> (hide)</a> <!-- hide-methods failed suite-Flipkart_Activities_Suite -->
                      <a href="#" panel-name="suite-Flipkart_Activities_Suite" class="show-methods failed suite-Flipkart_Activities_Suite"> (show)</a> <!-- show-methods failed suite-Flipkart_Activities_Suite -->
                    </span>
                    <div class="method-list-content failed suite-Flipkart_Activities_Suite">
                      <span>
                        <img width="3%" src="failed.png"/>
                        <a href="#" class="method navigator-link" panel-name="suite-Flipkart_Activities_Suite" title="com.qa.Flipkart.ActivitiesTest.ActivitiesTest" hash-for-method="verifyAutoSuggestValueTest">verifyAutoSuggestValueTest</a> <!-- method navigator-link -->
                      </span>
                      <br/>
                      <span>
                        <img width="3%" src="failed.png"/>
                        <a href="#" class="method navigator-link" panel-name="suite-Flipkart_Activities_Suite" title="com.qa.Flipkart.ActivitiesTest.ActivitiesTest" hash-for-method="verifyProductsNameTest">verifyProductsNameTest</a> <!-- method navigator-link -->
                      </span>
                      <br/>
                      <span>
                        <img width="3%" src="failed.png"/>
                        <a href="#" class="method navigator-link" panel-name="suite-Flipkart_Activities_Suite" title="com.qa.Flipkart.ActivitiesTest.ActivitiesTest" hash-for-method="verifyProductsPriceTest">verifyProductsPriceTest</a> <!-- method navigator-link -->
                      </span>
                      <br/>
                    </div> <!-- method-list-content failed suite-Flipkart_Activities_Suite -->
                  </li>
                  <li>
                    <span class="method-list-title skipped">Skipped methods</span>
                    <span class="show-or-hide-methods skipped">
                      <a href="#" panel-name="suite-Flipkart_Activities_Suite" class="hide-methods skipped suite-Flipkart_Activities_Suite"> (hide)</a> <!-- hide-methods skipped suite-Flipkart_Activities_Suite -->
                      <a href="#" panel-name="suite-Flipkart_Activities_Suite" class="show-methods skipped suite-Flipkart_Activities_Suite"> (show)</a> <!-- show-methods skipped suite-Flipkart_Activities_Suite -->
                    </span>
                    <div class="method-list-content skipped suite-Flipkart_Activities_Suite">
                      <span>
                        <img width="3%" src="skipped.png"/>
                        <a href="#" class="method navigator-link" panel-name="suite-Flipkart_Activities_Suite" title="com.qa.Flipkart.ActivitiesTest.ActivitiesTest" hash-for-method="verifyGiftOnPage">verifyGiftOnPage</a> <!-- method navigator-link -->
                      </span>
                      <br/>
                    </div> <!-- method-list-content skipped suite-Flipkart_Activities_Suite -->
                  </li>
                  <li>
                    <span class="method-list-title passed">Passed methods</span>
                    <span class="show-or-hide-methods passed">
                      <a href="#" panel-name="suite-Flipkart_Activities_Suite" class="hide-methods passed suite-Flipkart_Activities_Suite"> (hide)</a> <!-- hide-methods passed suite-Flipkart_Activities_Suite -->
                      <a href="#" panel-name="suite-Flipkart_Activities_Suite" class="show-methods passed suite-Flipkart_Activities_Suite"> (show)</a> <!-- show-methods passed suite-Flipkart_Activities_Suite -->
                    </span>
                    <div class="method-list-content passed suite-Flipkart_Activities_Suite">
                      <span>
                        <img width="3%" src="passed.png"/>
                        <a href="#" class="method navigator-link" panel-name="suite-Flipkart_Activities_Suite" title="com.qa.Flipkart.ActivitiesTest.ActivitiesTest" hash-for-method="verifyComputersTabOnPage">verifyComputersTabOnPage</a> <!-- method navigator-link -->
                      </span>
                      <br/>
                      <span>
                        <img width="3%" src="passed.png"/>
                        <a href="#" class="method navigator-link" panel-name="suite-Flipkart_Activities_Suite" title="com.qa.Flipkart.ActivitiesTest.ActivitiesTest" hash-for-method="verifyContactListOnPage">verifyContactListOnPage</a> <!-- method navigator-link -->
                      </span>
                      <br/>
                      <span>
                        <img width="3%" src="passed.png"/>
                        <a href="#" class="method navigator-link" panel-name="suite-Flipkart_Activities_Suite" title="com.qa.Flipkart.ActivitiesTest.ActivitiesTest" hash-for-method="verifyDownloadsTabOnPage">verifyDownloadsTabOnPage</a> <!-- method navigator-link -->
                      </span>
                      <br/>
                      <span>
                        <img width="3%" src="passed.png"/>
                        <a href="#" class="method navigator-link" panel-name="suite-Flipkart_Activities_Suite" title="com.qa.Flipkart.ActivitiesTest.ActivitiesTest" hash-for-method="verifyElectronicTabOnPage">verifyElectronicTabOnPage</a> <!-- method navigator-link -->
                      </span>
                      <br/>
                      <span>
                        <img width="3%" src="passed.png"/>
                        <a href="#" class="method navigator-link" panel-name="suite-Flipkart_Activities_Suite" title="com.qa.Flipkart.ActivitiesTest.ActivitiesTest" hash-for-method="verifyForgetPasswordOnPage">verifyForgetPasswordOnPage</a> <!-- method navigator-link -->
                      </span>
                      <br/>
                      <span>
                        <img width="3%" src="passed.png"/>
                        <a href="#" class="method navigator-link" panel-name="suite-Flipkart_Activities_Suite" title="com.qa.Flipkart.ActivitiesTest.ActivitiesTest" hash-for-method="verifyLogOutOnPage">verifyLogOutOnPage</a> <!-- method navigator-link -->
                      </span>
                      <br/>
                      <span>
                        <img width="3%" src="passed.png"/>
                        <a href="#" class="method navigator-link" panel-name="suite-Flipkart_Activities_Suite" title="com.qa.Flipkart.ActivitiesTest.ActivitiesTest" hash-for-method="verifyRegisterationOnHomePage">verifyRegisterationOnHomePage</a> <!-- method navigator-link -->
                      </span>
                      <br/>
                      <span>
                        <img width="3%" src="passed.png"/>
                        <a href="#" class="method navigator-link" panel-name="suite-Flipkart_Activities_Suite" title="com.qa.Flipkart.ActivitiesTest.ActivitiesTest" hash-for-method="verifyRememberPasswordOnPage">verifyRememberPasswordOnPage</a> <!-- method navigator-link -->
                      </span>
                      <br/>
                    </div> <!-- method-list-content passed suite-Flipkart_Activities_Suite -->
                  </li>
                </ul>
              </div> <!-- suite-section-content -->
            </div> <!-- result-section -->
          </div> <!-- navigator-suite-content -->
        </div> <!-- rounded-window -->
      </div> <!-- suite -->
    </div> <!-- navigator-root -->
    <div class="wrapper">
      <div class="main-panel-root">
        <div panel-name="suite-Flipkart_Activities_Suite" class="panel Flipkart_Activities_Suite">
          <div class="suite-Flipkart_Activities_Suite-class-failed">
            <div class="main-panel-header rounded-window-top">
              <img src="failed.png"/>
              <span class="class-name">com.qa.Flipkart.ActivitiesTest.ActivitiesTest</span>
            </div> <!-- main-panel-header rounded-window-top -->
            <div class="main-panel-content rounded-window-bottom">
              <div class="method">
                <div class="method-content">
                  <a name="verifyAutoSuggestValueTest">
                  </a> <!-- verifyAutoSuggestValueTest -->
                  <span class="method-name">verifyAutoSuggestValueTest</span>
                  <div class="stack-trace">java.lang.AssertionError: Verify details present of Auto Suggest Value on Flipkart home page test failed expected [true] but found [false]
	at org.testng.Assert.fail(Assert.java:94)
	at org.testng.Assert.failNotEquals(Assert.java:496)
	at org.testng.Assert.assertTrue(Assert.java:42)
	at com.qa.Flipkart.ActivitiesTest.ActivitiesTest.verifyAutoSuggestValueTest(ActivitiesTest.java:40)
	at sun.reflect.NativeMethodAccessorImpl.invoke0(Native Method)
	at sun.reflect.NativeMethodAccessorImpl.invoke(Unknown Source)
	at sun.reflect.DelegatingMethodAccessorImpl.invoke(Unknown Source)
	at java.lang.reflect.Method.invoke(Unknown Source)
	at org.testng.internal.MethodInvocationHelper.invokeMethod(MethodInvocationHelper.java:85)
	at org.testng.internal.Invoker.invokeMethod(Invoker.java:639)
	at org.testng.internal.Invoker.invokeTestMethod(Invoker.java:816)
	at org.testng.internal.Invoker.invokeTestMethods(Invoker.java:1124)
	at org.testng.internal.TestMethodWorker.invokeTestMethods(TestMethodWorker.java:125)
	at org.testng.internal.TestMethodWorker.run(TestMethodWorker.java:108)
	at org.testng.TestRunner.privateRun(TestRunner.java:774)
	at org.testng.TestRunner.run(TestRunner.java:624)
	at org.testng.SuiteRunner.runTest(SuiteRunner.java:359)
	at org.testng.SuiteRunner.runSequentially(SuiteRunner.java:354)
	at org.testng.SuiteRunner.privateRun(SuiteRunner.java:312)
	at org.testng.SuiteRunner.run(SuiteRunner.java:261)
	at org.testng.SuiteRunnerWorker.runSuite(SuiteRunnerWorker.java:52)
	at org.testng.SuiteRunnerWorker.run(SuiteRunnerWorker.java:86)
	at org.testng.TestNG.runSuitesSequentially(TestNG.java:1215)
	at org.testng.TestNG.runSuitesLocally(TestNG.java:1140)
	at org.testng.TestNG.run(TestNG.java:1048)
	at org.testng.remote.RemoteTestNG.run(RemoteTestNG.java:112)
	at org.testng.remote.RemoteTestNG.initAndRun(RemoteTestNG.java:205)
	at org.testng.remote.RemoteTestNG.main(RemoteTestNG.java:176)

</div> <!-- stack-trace -->
                </div> <!-- method-content -->
              </div> <!-- method -->
              <div class="method">
                <div class="method-content">
                  <a name="verifyProductsNameTest">
                  </a> <!-- verifyProductsNameTest -->
                  <span class="method-name">verifyProductsNameTest</span>
                  <div class="stack-trace">java.lang.AssertionError: Verify details of product name on Flipkart home page test failed expected [true] but found [false]
	at org.testng.Assert.fail(Assert.java:94)
	at org.testng.Assert.failNotEquals(Assert.java:496)
	at org.testng.Assert.assertTrue(Assert.java:42)
	at com.qa.Flipkart.ActivitiesTest.ActivitiesTest.verifyProductsNameTest(ActivitiesTest.java:26)
	at sun.reflect.NativeMethodAccessorImpl.invoke0(Native Method)
	at sun.reflect.NativeMethodAccessorImpl.invoke(Unknown Source)
	at sun.reflect.DelegatingMethodAccessorImpl.invoke(Unknown Source)
	at java.lang.reflect.Method.invoke(Unknown Source)
	at org.testng.internal.MethodInvocationHelper.invokeMethod(MethodInvocationHelper.java:85)
	at org.testng.internal.Invoker.invokeMethod(Invoker.java:639)
	at org.testng.internal.Invoker.invokeTestMethod(Invoker.java:816)
	at org.testng.internal.Invoker.invokeTestMethods(Invoker.java:1124)
	at org.testng.internal.TestMethodWorker.invokeTestMethods(TestMethodWorker.java:125)
	at org.testng.internal.TestMethodWorker.run(TestMethodWorker.java:108)
	at org.testng.TestRunner.privateRun(TestRunner.java:774)
	at org.testng.TestRunner.run(TestRunner.java:624)
	at org.testng.SuiteRunner.runTest(SuiteRunner.java:359)
	at org.testng.SuiteRunner.runSequentially(SuiteRunner.java:354)
	at org.testng.SuiteRunner.privateRun(SuiteRunner.java:312)
	at org.testng.SuiteRunner.run(SuiteRunner.java:261)
	at org.testng.SuiteRunnerWorker.runSuite(SuiteRunnerWorker.java:52)
	at org.testng.SuiteRunnerWorker.run(SuiteRunnerWorker.java:86)
	at org.testng.TestNG.runSuitesSequentially(TestNG.java:1215)
	at org.testng.TestNG.runSuitesLocally(TestNG.java:1140)
	at org.testng.TestNG.run(TestNG.java:1048)
	at org.testng.remote.RemoteTestNG.run(RemoteTestNG.java:112)
	at org.testng.remote.RemoteTestNG.initAndRun(RemoteTestNG.java:205)
	at org.testng.remote.RemoteTestNG.main(RemoteTestNG.java:176)

</div> <!-- stack-trace -->
                </div> <!-- method-content -->
              </div> <!-- method -->
              <div class="method">
                <div class="method-content">
                  <a name="verifyProductsPriceTest">
                  </a> <!-- verifyProductsPriceTest -->
                  <span class="method-name">verifyProductsPriceTest</span>
                  <div class="stack-trace">java.lang.AssertionError: Verify Price Range Of Product Value Value on Flipkart home page test failed expected [true] but found [false]
	at org.testng.Assert.fail(Assert.java:94)
	at org.testng.Assert.failNotEquals(Assert.java:496)
	at org.testng.Assert.assertTrue(Assert.java:42)
	at com.qa.Flipkart.ActivitiesTest.ActivitiesTest.verifyProductsPriceTest(ActivitiesTest.java:54)
	at sun.reflect.NativeMethodAccessorImpl.invoke0(Native Method)
	at sun.reflect.NativeMethodAccessorImpl.invoke(Unknown Source)
	at sun.reflect.DelegatingMethodAccessorImpl.invoke(Unknown Source)
	at java.lang.reflect.Method.invoke(Unknown Source)
	at org.testng.internal.MethodInvocationHelper.invokeMethod(MethodInvocationHelper.java:85)
	at org.testng.internal.Invoker.invokeMethod(Invoker.java:639)
	at org.testng.internal.Invoker.invokeTestMethod(Invoker.java:816)
	at org.testng.internal.Invoker.invokeTestMethods(Invoker.java:1124)
	at org.testng.internal.TestMethodWorker.invokeTestMethods(TestMethodWorker.java:125)
	at org.testng.internal.TestMethodWorker.run(TestMethodWorker.java:108)
	at org.testng.TestRunner.privateRun(TestRunner.java:774)
	at org.testng.TestRunner.run(TestRunner.java:624)
	at org.testng.SuiteRunner.runTest(SuiteRunner.java:359)
	at org.testng.SuiteRunner.runSequentially(SuiteRunner.java:354)
	at org.testng.SuiteRunner.privateRun(SuiteRunner.java:312)
	at org.testng.SuiteRunner.run(SuiteRunner.java:261)
	at org.testng.SuiteRunnerWorker.runSuite(SuiteRunnerWorker.java:52)
	at org.testng.SuiteRunnerWorker.run(SuiteRunnerWorker.java:86)
	at org.testng.TestNG.runSuitesSequentially(TestNG.java:1215)
	at org.testng.TestNG.runSuitesLocally(TestNG.java:1140)
	at org.testng.TestNG.run(TestNG.java:1048)
	at org.testng.remote.RemoteTestNG.run(RemoteTestNG.java:112)
	at org.testng.remote.RemoteTestNG.initAndRun(RemoteTestNG.java:205)
	at org.testng.remote.RemoteTestNG.main(RemoteTestNG.java:176)

</div> <!-- stack-trace -->
                </div> <!-- method-content -->
              </div> <!-- method -->
            </div> <!-- main-panel-content rounded-window-bottom -->
          </div> <!-- suite-Flipkart_Activities_Suite-class-failed -->
          <div class="suite-Flipkart_Activities_Suite-class-skipped">
            <div class="main-panel-header rounded-window-top">
              <img src="skipped.png"/>
              <span class="class-name">com.qa.Flipkart.ActivitiesTest.ActivitiesTest</span>
            </div> <!-- main-panel-header rounded-window-top -->
            <div class="main-panel-content rounded-window-bottom">
              <div class="method">
                <div class="method-content">
                  <a name="verifyGiftOnPage">
                  </a> <!-- verifyGiftOnPage -->
                  <span class="method-name">verifyGiftOnPage</span>
                  <div class="stack-trace">org.testng.SkipException: Skipping this one test. Hence not testing
	at com.qa.Flipkart.ActivitiesTest.ActivitiesTest.verifyGiftOnPage(ActivitiesTest.java:172)
	at sun.reflect.NativeMethodAccessorImpl.invoke0(Native Method)
	at sun.reflect.NativeMethodAccessorImpl.invoke(Unknown Source)
	at sun.reflect.DelegatingMethodAccessorImpl.invoke(Unknown Source)
	at java.lang.reflect.Method.invoke(Unknown Source)
	at org.testng.internal.MethodInvocationHelper.invokeMethod(MethodInvocationHelper.java:85)
	at org.testng.internal.Invoker.invokeMethod(Invoker.java:639)
	at org.testng.internal.Invoker.invokeTestMethod(Invoker.java:816)
	at org.testng.internal.Invoker.invokeTestMethods(Invoker.java:1124)
	at org.testng.internal.TestMethodWorker.invokeTestMethods(TestMethodWorker.java:125)
	at org.testng.internal.TestMethodWorker.run(TestMethodWorker.java:108)
	at org.testng.TestRunner.privateRun(TestRunner.java:774)
	at org.testng.TestRunner.run(TestRunner.java:624)
	at org.testng.SuiteRunner.runTest(SuiteRunner.java:359)
	at org.testng.SuiteRunner.runSequentially(SuiteRunner.java:354)
	at org.testng.SuiteRunner.privateRun(SuiteRunner.java:312)
	at org.testng.SuiteRunner.run(SuiteRunner.java:261)
	at org.testng.SuiteRunnerWorker.runSuite(SuiteRunnerWorker.java:52)
	at org.testng.SuiteRunnerWorker.run(SuiteRunnerWorker.java:86)
	at org.testng.TestNG.runSuitesSequentially(TestNG.java:1215)
	at org.testng.TestNG.runSuitesLocally(TestNG.java:1140)
	at org.testng.TestNG.run(TestNG.java:1048)
	at org.testng.remote.RemoteTestNG.run(RemoteTestNG.java:112)
	at org.testng.remote.RemoteTestNG.initAndRun(RemoteTestNG.java:205)
	at org.testng.remote.RemoteTestNG.main(RemoteTestNG.java:176)

</div> <!-- stack-trace -->
                  <em>
(Verify Gift Tab functionality)                  </em>
                </div> <!-- method-content -->
              </div> <!-- method -->
            </div> <!-- main-panel-content rounded-window-bottom -->
          </div> <!-- suite-Flipkart_Activities_Suite-class-skipped -->
          <div class="suite-Flipkart_Activities_Suite-class-passed">
            <div class="main-panel-header rounded-window-top">
              <img src="passed.png"/>
              <span class="class-name">com.qa.Flipkart.ActivitiesTest.ActivitiesTest</span>
            </div> <!-- main-panel-header rounded-window-top -->
            <div class="main-panel-content rounded-window-bottom">
              <div class="method">
                <div class="method-content">
                  <a name="verifyComputersTabOnPage">
                  </a> <!-- verifyComputersTabOnPage -->
                  <span class="method-name">verifyComputersTabOnPage</span>
                  <em>
(Verify Computers Tab functionality)                  </em>
                </div> <!-- method-content -->
              </div> <!-- method -->
              <div class="method">
                <div class="method-content">
                  <a name="verifyContactListOnPage">
                  </a> <!-- verifyContactListOnPage -->
                  <span class="method-name">verifyContactListOnPage</span>
                  <em>
(Verify Contact list functionality)                  </em>
                </div> <!-- method-content -->
              </div> <!-- method -->
              <div class="method">
                <div class="method-content">
                  <a name="verifyDownloadsTabOnPage">
                  </a> <!-- verifyDownloadsTabOnPage -->
                  <span class="method-name">verifyDownloadsTabOnPage</span>
                  <em>
(Verify Digital Downloads Tab functionality)                  </em>
                </div> <!-- method-content -->
              </div> <!-- method -->
              <div class="method">
                <div class="method-content">
                  <a name="verifyElectronicTabOnPage">
                  </a> <!-- verifyElectronicTabOnPage -->
                  <span class="method-name">verifyElectronicTabOnPage</span>
                  <em>
(Verify Electronic Tab functionality)                  </em>
                </div> <!-- method-content -->
              </div> <!-- method -->
              <div class="method">
                <div class="method-content">
                  <a name="verifyForgetPasswordOnPage">
                  </a> <!-- verifyForgetPasswordOnPage -->
                  <span class="method-name">verifyForgetPasswordOnPage</span>
                  <em>
(Verify ForgetPassword functionality)                  </em>
                </div> <!-- method-content -->
              </div> <!-- method -->
              <div class="method">
                <div class="method-content">
                  <a name="verifyLogOutOnPage">
                  </a> <!-- verifyLogOutOnPage -->
                  <span class="method-name">verifyLogOutOnPage</span>
                  <em>
(Verify LogOut functionality)                  </em>
                </div> <!-- method-content -->
              </div> <!-- method -->
              <div class="method">
                <div class="method-content">
                  <a name="verifyRegisterationOnHomePage">
                  </a> <!-- verifyRegisterationOnHomePage -->
                  <span class="method-name">verifyRegisterationOnHomePage</span>
                  <em>
(Verify Registration functionality)                  </em>
                </div> <!-- method-content -->
              </div> <!-- method -->
              <div class="method">
                <div class="method-content">
                  <a name="verifyRememberPasswordOnPage">
                  </a> <!-- verifyRememberPasswordOnPage -->
                  <span class="method-name">verifyRememberPasswordOnPage</span>
                  <em>
(Verify Remember Password functionality)                  </em>
                </div> <!-- method-content -->
              </div> <!-- method -->
            </div> <!-- main-panel-content rounded-window-bottom -->
          </div> <!-- suite-Flipkart_Activities_Suite-class-passed -->
        </div> <!-- panel Flipkart_Activities_Suite -->
        <div panel-name="test-xml-Flipkart_Activities_Suite" class="panel">
          <div class="main-panel-header rounded-window-top">
            <span class="header-content">C:\Users\Rahul Singh\git\FlipkartActivities\Activities_testng.xml</span>
          </div> <!-- main-panel-header rounded-window-top -->
          <div class="main-panel-content rounded-window-bottom">
            <pre>
&lt;?xml version=&quot;1.0&quot; encoding=&quot;UTF-8&quot;?&gt;
&lt;!DOCTYPE suite SYSTEM &quot;http://testng.org/testng-1.0.dtd&quot;&gt;
&lt;suite guice-stage=&quot;DEVELOPMENT&quot; verbose=&quot;10&quot; name=&quot;Flipkart Activities Suite&quot; parallel=&quot;none&quot;&gt;
  &lt;parameter name=&quot;browser&quot; value=&quot;chrome&quot;/&gt;
  &lt;test name=&quot;Flipkart Activities Test&quot;&gt;
    &lt;classes&gt;
      &lt;class name=&quot;com.qa.Flipkart.ActivitiesTest.ActivitiesTest&quot;/&gt;
    &lt;/classes&gt;
  &lt;/test&gt; &lt;!-- Flipkart Activities Test --&gt;
&lt;/suite&gt; &lt;!-- Flipkart Activities Suite --&gt;
            </pre>
          </div> <!-- main-panel-content rounded-window-bottom -->
        </div> <!-- panel -->
        <div panel-name="testlist-Flipkart_Activities_Suite" class="panel">
          <div class="main-panel-header rounded-window-top">
            <span class="header-content">Tests for Flipkart Activities Suite</span>
          </div> <!-- main-panel-header rounded-window-top -->
          <div class="main-panel-content rounded-window-bottom">
            <ul>
              <li>
                <span class="test-name">Flipkart Activities Test (1 class)</span>
              </li>
            </ul>
          </div> <!-- main-panel-content rounded-window-bottom -->
        </div> <!-- panel -->
        <div panel-name="group-Flipkart_Activities_Suite" class="panel">
          <div class="main-panel-header rounded-window-top">
            <span class="header-content">Groups for Flipkart Activities Suite</span>
          </div> <!-- main-panel-header rounded-window-top -->
          <div class="main-panel-content rounded-window-bottom">
          </div> <!-- main-panel-content rounded-window-bottom -->
        </div> <!-- panel -->
        <div panel-name="times-Flipkart_Activities_Suite" class="panel">
          <div class="main-panel-header rounded-window-top">
            <span class="header-content">Times for Flipkart Activities Suite</span>
          </div> <!-- main-panel-header rounded-window-top -->
          <div class="main-panel-content rounded-window-bottom">
            <div class="times-div">
              <script type="text/javascript">
suiteTableInitFunctions.push('tableData_Flipkart_Activities_Suite');
function tableData_Flipkart_Activities_Suite() {
var data = new google.visualization.DataTable();
data.addColumn('number', 'Number');
data.addColumn('string', 'Method');
data.addColumn('string', 'Class');
data.addColumn('number', 'Time (ms)');
data.addRows(12);
data.setCell(0, 0, 0)
data.setCell(0, 1, 'verifyProductsNameTest')
data.setCell(0, 2, 'com.qa.Flipkart.ActivitiesTest.ActivitiesTest')
data.setCell(0, 3, 13398);
data.setCell(1, 0, 1)
data.setCell(1, 1, 'verifyProductsPriceTest')
data.setCell(1, 2, 'com.qa.Flipkart.ActivitiesTest.ActivitiesTest')
data.setCell(1, 3, 8448);
data.setCell(2, 0, 2)
data.setCell(2, 1, 'verifyAutoSuggestValueTest')
data.setCell(2, 2, 'com.qa.Flipkart.ActivitiesTest.ActivitiesTest')
data.setCell(2, 3, 1197);
data.setCell(3, 0, 3)
data.setCell(3, 1, 'verifyRememberPasswordOnPage')
data.setCell(3, 2, 'com.qa.Flipkart.ActivitiesTest.ActivitiesTest')
data.setCell(3, 3, 1);
data.setCell(4, 0, 4)
data.setCell(4, 1, 'verifyComputersTabOnPage')
data.setCell(4, 2, 'com.qa.Flipkart.ActivitiesTest.ActivitiesTest')
data.setCell(4, 3, 1);
data.setCell(5, 0, 5)
data.setCell(5, 1, 'verifyContactListOnPage')
data.setCell(5, 2, 'com.qa.Flipkart.ActivitiesTest.ActivitiesTest')
data.setCell(5, 3, 1);
data.setCell(6, 0, 6)
data.setCell(6, 1, 'verifyRegisterationOnHomePage')
data.setCell(6, 2, 'com.qa.Flipkart.ActivitiesTest.ActivitiesTest')
data.setCell(6, 3, 1);
data.setCell(7, 0, 7)
data.setCell(7, 1, 'verifyLogOutOnPage')
data.setCell(7, 2, 'com.qa.Flipkart.ActivitiesTest.ActivitiesTest')
data.setCell(7, 3, 1);
data.setCell(8, 0, 8)
data.setCell(8, 1, 'verifyForgetPasswordOnPage')
data.setCell(8, 2, 'com.qa.Flipkart.ActivitiesTest.ActivitiesTest')
data.setCell(8, 3, 1);
data.setCell(9, 0, 9)
data.setCell(9, 1, 'verifyElectronicTabOnPage')
data.setCell(9, 2, 'com.qa.Flipkart.ActivitiesTest.ActivitiesTest')
data.setCell(9, 3, 1);
data.setCell(10, 0, 10)
data.setCell(10, 1, 'verifyDownloadsTabOnPage')
data.setCell(10, 2, 'com.qa.Flipkart.ActivitiesTest.ActivitiesTest')
data.setCell(10, 3, 1);
data.setCell(11, 0, 11)
data.setCell(11, 1, 'verifyGiftOnPage')
data.setCell(11, 2, 'com.qa.Flipkart.ActivitiesTest.ActivitiesTest')
data.setCell(11, 3, 1);
window.suiteTableData['Flipkart_Activities_Suite']= { tableData: data, tableDiv: 'times-div-Flipkart_Activities_Suite'}
return data;
}
              </script>
              <span class="suite-total-time">Total running time: 23 seconds</span>
              <div id="times-div-Flipkart_Activities_Suite">
              </div> <!-- times-div-Flipkart_Activities_Suite -->
            </div> <!-- times-div -->
          </div> <!-- main-panel-content rounded-window-bottom -->
        </div> <!-- panel -->
        <div panel-name="reporter-Flipkart_Activities_Suite" class="panel">
          <div class="main-panel-header rounded-window-top">
            <span class="header-content">Reporter output for Flipkart Activities Suite</span>
          </div> <!-- main-panel-header rounded-window-top -->
          <div class="main-panel-content rounded-window-bottom">
          </div> <!-- main-panel-content rounded-window-bottom -->
        </div> <!-- panel -->
        <div panel-name="ignored-methods-Flipkart_Activities_Suite" class="panel">
          <div class="main-panel-header rounded-window-top">
            <span class="header-content">0 ignored methods</span>
          </div> <!-- main-panel-header rounded-window-top -->
          <div class="main-panel-content rounded-window-bottom">
          </div> <!-- main-panel-content rounded-window-bottom -->
        </div> <!-- panel -->
        <div panel-name="chronological-Flipkart_Activities_Suite" class="panel">
          <div class="main-panel-header rounded-window-top">
            <span class="header-content">Methods in chronological order</span>
          </div> <!-- main-panel-header rounded-window-top -->
          <div class="main-panel-content rounded-window-bottom">
            <div class="chronological-class">
              <div class="chronological-class-name">com.qa.Flipkart.ActivitiesTest.ActivitiesTest</div> <!-- chronological-class-name -->
              <div class="configuration-suite before">
                <span class="method-name">beforeSuite(chrome)</span>
                <span class="method-start">0 ms</span>
              </div> <!-- configuration-suite before -->
              <div class="configuration-method before">
                <span class="method-name">beforeMethod</span>
                <span class="method-start">15965 ms</span>
              </div> <!-- configuration-method before -->
              <div class="test-method">
                <img src="failed.png">
                </img>
                <span class="method-name">verifyProductsNameTest</span>
                <span class="method-start">21317 ms</span>
              </div> <!-- test-method -->
              <div class="configuration-method after">
                <span class="method-name">afterMethod([TestResult name=verifyProductsNameTest status=FAILURE method=ActivitiesTest.verifyProductsNameTest(...)</span>
                <span class="method-start">34718 ms</span>
              </div> <!-- configuration-method after -->
              <div class="configuration-method before">
                <span class="method-name">beforeMethod</span>
                <span class="method-start">35205 ms</span>
              </div> <!-- configuration-method before -->
              <div class="test-method">
                <img src="failed.png">
                </img>
                <span class="method-name">verifyAutoSuggestValueTest</span>
                <span class="method-start">39929 ms</span>
              </div> <!-- test-method -->
              <div class="configuration-method after">
                <span class="method-name">afterMethod([TestResult name=verifyAutoSuggestValueTest status=FAILURE method=ActivitiesTest.verifyAutoSuggestVa...)</span>
                <span class="method-start">41127 ms</span>
              </div> <!-- configuration-method after -->
              <div class="configuration-method before">
                <span class="method-name">beforeMethod</span>
                <span class="method-start">41550 ms</span>
              </div> <!-- configuration-method before -->
              <div class="test-method">
                <img src="failed.png">
                </img>
                <span class="method-name">verifyProductsPriceTest</span>
                <span class="method-start">46254 ms</span>
              </div> <!-- test-method -->
              <div class="configuration-method after">
                <span class="method-name">afterMethod([TestResult name=verifyProductsPriceTest status=FAILURE method=ActivitiesTest.verifyProductsPriceTes...)</span>
                <span class="method-start">54703 ms</span>
              </div> <!-- configuration-method after -->
              <div class="configuration-method before">
                <span class="method-name">beforeMethod</span>
                <span class="method-start">55053 ms</span>
              </div> <!-- configuration-method before -->
              <div class="test-method">
                <span class="method-name">verifyRegisterationOnHomePage</span>
                <span class="method-start">60005 ms</span>
              </div> <!-- test-method -->
              <div class="configuration-method after">
                <span class="method-name">afterMethod([TestResult name=verifyRegisterationOnHomePage status=SUCCESS method=ActivitiesTest.verifyRegisterat...)</span>
                <span class="method-start">60007 ms</span>
              </div> <!-- configuration-method after -->
              <div class="configuration-method before">
                <span class="method-name">beforeMethod</span>
                <span class="method-start">60009 ms</span>
              </div> <!-- configuration-method before -->
              <div class="test-method">
                <span class="method-name">verifyContactListOnPage</span>
                <span class="method-start">64822 ms</span>
              </div> <!-- test-method -->
              <div class="configuration-method after">
                <span class="method-name">afterMethod([TestResult name=verifyContactListOnPage status=SUCCESS method=ActivitiesTest.verifyContactListOnPag...)</span>
                <span class="method-start">64824 ms</span>
              </div> <!-- configuration-method after -->
              <div class="configuration-method before">
                <span class="method-name">beforeMethod</span>
                <span class="method-start">64825 ms</span>
              </div> <!-- configuration-method before -->
              <div class="test-method">
                <span class="method-name">verifyForgetPasswordOnPage</span>
                <span class="method-start">69571 ms</span>
              </div> <!-- test-method -->
              <div class="configuration-method after">
                <span class="method-name">afterMethod([TestResult name=verifyForgetPasswordOnPage status=SUCCESS method=ActivitiesTest.verifyForgetPasswor...)</span>
                <span class="method-start">69573 ms</span>
              </div> <!-- configuration-method after -->
              <div class="configuration-method before">
                <span class="method-name">beforeMethod</span>
                <span class="method-start">69575 ms</span>
              </div> <!-- configuration-method before -->
              <div class="test-method">
                <span class="method-name">verifyRememberPasswordOnPage</span>
                <span class="method-start">74246 ms</span>
              </div> <!-- test-method -->
              <div class="configuration-method after">
                <span class="method-name">afterMethod([TestResult name=verifyRememberPasswordOnPage status=SUCCESS method=ActivitiesTest.verifyRememberPas...)</span>
                <span class="method-start">74248 ms</span>
              </div> <!-- configuration-method after -->
              <div class="configuration-method before">
                <span class="method-name">beforeMethod</span>
                <span class="method-start">74249 ms</span>
              </div> <!-- configuration-method before -->
              <div class="test-method">
                <span class="method-name">verifyLogOutOnPage</span>
                <span class="method-start">78938 ms</span>
              </div> <!-- test-method -->
              <div class="configuration-method after">
                <span class="method-name">afterMethod([TestResult name=verifyLogOutOnPage status=SUCCESS method=ActivitiesTest.verifyLogOutOnPage()[pri:7,...)</span>
                <span class="method-start">78939 ms</span>
              </div> <!-- configuration-method after -->
              <div class="configuration-method before">
                <span class="method-name">beforeMethod</span>
                <span class="method-start">78941 ms</span>
              </div> <!-- configuration-method before -->
              <div class="test-method">
                <span class="method-name">verifyDownloadsTabOnPage</span>
                <span class="method-start">83591 ms</span>
              </div> <!-- test-method -->
              <div class="configuration-method after">
                <span class="method-name">afterMethod([TestResult name=verifyDownloadsTabOnPage status=SUCCESS method=ActivitiesTest.verifyDownloadsTabOnP...)</span>
                <span class="method-start">83592 ms</span>
              </div> <!-- configuration-method after -->
              <div class="configuration-method before">
                <span class="method-name">beforeMethod</span>
                <span class="method-start">83594 ms</span>
              </div> <!-- configuration-method before -->
              <div class="test-method">
                <span class="method-name">verifyComputersTabOnPage</span>
                <span class="method-start">88274 ms</span>
              </div> <!-- test-method -->
              <div class="configuration-method after">
                <span class="method-name">afterMethod([TestResult name=verifyComputersTabOnPage status=SUCCESS method=ActivitiesTest.verifyComputersTabOnP...)</span>
                <span class="method-start">88275 ms</span>
              </div> <!-- configuration-method after -->
              <div class="configuration-method before">
                <span class="method-name">beforeMethod</span>
                <span class="method-start">88276 ms</span>
              </div> <!-- configuration-method before -->
              <div class="test-method">
                <span class="method-name">verifyElectronicTabOnPage</span>
                <span class="method-start">92915 ms</span>
              </div> <!-- test-method -->
              <div class="configuration-method after">
                <span class="method-name">afterMethod([TestResult name=verifyElectronicTabOnPage status=SUCCESS method=ActivitiesTest.verifyElectronicTabO...)</span>
                <span class="method-start">92916 ms</span>
              </div> <!-- configuration-method after -->
              <div class="configuration-method before">
                <span class="method-name">beforeMethod</span>
                <span class="method-start">92917 ms</span>
              </div> <!-- configuration-method before -->
              <div class="test-method">
                <span class="method-name">verifyGiftOnPage</span>
                <span class="method-start">97572 ms</span>
              </div> <!-- test-method -->
              <div class="configuration-method after">
                <span class="method-name">afterMethod([TestResult name=verifyGiftOnPage status=SKIP method=ActivitiesTest.verifyGiftOnPage()[pri:11, insta...)</span>
                <span class="method-start">97573 ms</span>
              </div> <!-- configuration-method after -->
              <div class="configuration-suite after">
                <span class="method-name">generateReport</span>
                <span class="method-start">97618 ms</span>
              </div> <!-- configuration-suite after -->
          </div> <!-- main-panel-content rounded-window-bottom -->
        </div> <!-- panel -->
      </div> <!-- main-panel-root -->
    </div> <!-- wrapper -->
  </body>
</html>
