<?xml version="1.0" encoding="UTF-8"?>
<!-- Generated by org.testng.reporters.JUnitXMLReporter -->
<testsuite hostname="DESKTOP-RVTGE37" name="Price Range Of Product" tests="1" failures="1" timestamp="16 Jan 2020 22:43:51 GMT" time="14.298" errors="0">
  <testcase name="verifyProductsPriceTest" time="14.279" classname="com.qa.Flipkart.ActivitiesTest.PriceRangeOfProductTest">
    <failure type="java.lang.AssertionError" message="Price range 20,000 to 40,000&amp;apos; of items test failed expected [true] but found [false]">
      <![CDATA[java.lang.AssertionError: Price range 20,000 to 40,000' of items test failed expected [true] but found [false]
	at com.qa.Flipkart.ActivitiesTest.PriceRangeOfProductTest.verifyProductsPriceTest(PriceRangeOfProductTest.java:20)
... Removed 27 stack frames]]>
    </failure>
  </testcase> <!-- verifyProductsPriceTest -->
</testsuite> <!-- Price Range Of Product -->
